{"/Users/caseyescovedo/Desktop/Codesmith/projects/the-yeti-crab-project/sum.js": {"path":"/Users/caseyescovedo/Desktop/Codesmith/projects/the-yeti-crab-project/sum.js","statementMap":{"0":{"start":{"line":2,"column":4},"end":{"line":2,"column":17}},"1":{"start":{"line":4,"column":4},"end":{"line":4,"column":25}}},"fnMap":{"0":{"name":"sum","decl":{"start":{"line":1,"column":9},"end":{"line":1,"column":12}},"loc":{"start":{"line":1,"column":19},"end":{"line":3,"column":5}},"line":1}},"branchMap":{},"s":{"0":1,"1":1},"f":{"0":1},"b":{},"_coverageSchema":"1a1c01bbd47fc00a2c39e90264f33305004495a9","hash":"a332b1551704c24ce32744d1b1884fbdd3f57ec6"}
,"/Users/caseyescovedo/Desktop/Codesmith/projects/the-yeti-crab-project/client/constants/actiontypes.js": {"path":"/Users/caseyescovedo/Desktop/Codesmith/projects/the-yeti-crab-project/client/constants/actiontypes.js","statementMap":{"0":{"start":{"line":2,"column":26},"end":{"line":2,"column":38}},"1":{"start":{"line":3,"column":26},"end":{"line":3,"column":38}},"2":{"start":{"line":5,"column":26},"end":{"line":5,"column":38}},"3":{"start":{"line":6,"column":27},"end":{"line":6,"column":40}},"4":{"start":{"line":7,"column":29},"end":{"line":7,"column":44}},"5":{"start":{"line":8,"column":29},"end":{"line":8,"column":44}},"6":{"start":{"line":10,"column":27},"end":{"line":10,"column":40}},"7":{"start":{"line":11,"column":28},"end":{"line":11,"column":42}},"8":{"start":{"line":12,"column":30},"end":{"line":12,"column":46}},"9":{"start":{"line":13,"column":30},"end":{"line":13,"column":46}},"10":{"start":{"line":15,"column":25},"end":{"line":15,"column":36}},"11":{"start":{"line":16,"column":29},"end":{"line":16,"column":44}},"12":{"start":{"line":17,"column":31},"end":{"line":17,"column":48}},"13":{"start":{"line":18,"column":31},"end":{"line":18,"column":48}},"14":{"start":{"line":20,"column":25},"end":{"line":20,"column":36}},"15":{"start":{"line":21,"column":29},"end":{"line":21,"column":44}},"16":{"start":{"line":22,"column":31},"end":{"line":22,"column":48}},"17":{"start":{"line":23,"column":31},"end":{"line":23,"column":48}}},"fnMap":{},"branchMap":{},"s":{"0":1,"1":1,"2":1,"3":1,"4":1,"5":1,"6":1,"7":1,"8":1,"9":1,"10":1,"11":1,"12":1,"13":1,"14":1,"15":1,"16":1,"17":1},"f":{},"b":{},"_coverageSchema":"1a1c01bbd47fc00a2c39e90264f33305004495a9","hash":"810cc7daf1379bcbf3c64a626215f58e9e2932d2"}
,"/Users/caseyescovedo/Desktop/Codesmith/projects/the-yeti-crab-project/client/reducers/yetiReducer.js": {"path":"/Users/caseyescovedo/Desktop/Codesmith/projects/the-yeti-crab-project/client/reducers/yetiReducer.js","statementMap":{"0":{"start":{"line":7,"column":21},"end":{"line":16,"column":1}},"1":{"start":{"line":20,"column":20},"end":{"line":122,"column":1}},"2":{"start":{"line":21,"column":2},"end":{"line":121,"column":3}},"3":{"start":{"line":24,"column":6},"end":{"line":27,"column":8}},"4":{"start":{"line":30,"column":6},"end":{"line":33,"column":8}},"5":{"start":{"line":36,"column":6},"end":{"line":39,"column":8}},"6":{"start":{"line":41,"column":6},"end":{"line":41,"column":34}},"7":{"start":{"line":42,"column":6},"end":{"line":50,"column":8}},"8":{"start":{"line":52,"column":6},"end":{"line":52,"column":37}},"9":{"start":{"line":53,"column":6},"end":{"line":57,"column":8}},"10":{"start":{"line":60,"column":6},"end":{"line":63,"column":8}},"11":{"start":{"line":65,"column":6},"end":{"line":72,"column":8}},"12":{"start":{"line":75,"column":6},"end":{"line":79,"column":8}},"13":{"start":{"line":82,"column":6},"end":{"line":85,"column":8}},"14":{"start":{"line":87,"column":6},"end":{"line":92,"column":8}},"15":{"start":{"line":94,"column":6},"end":{"line":98,"column":8}},"16":{"start":{"line":101,"column":6},"end":{"line":104,"column":8}},"17":{"start":{"line":106,"column":6},"end":{"line":111,"column":8}},"18":{"start":{"line":113,"column":6},"end":{"line":117,"column":8}},"19":{"start":{"line":120,"column":6},"end":{"line":120,"column":19}}},"fnMap":{"0":{"name":"(anonymous_0)","decl":{"start":{"line":20,"column":20},"end":{"line":20,"column":21}},"loc":{"start":{"line":20,"column":54},"end":{"line":122,"column":1}},"line":20}},"branchMap":{"0":{"loc":{"start":{"line":20,"column":21},"end":{"line":20,"column":41}},"type":"default-arg","locations":[{"start":{"line":20,"column":29},"end":{"line":20,"column":41}}],"line":20},"1":{"loc":{"start":{"line":21,"column":2},"end":{"line":121,"column":3}},"type":"switch","locations":[{"start":{"line":23,"column":4},"end":{"line":27,"column":8}},{"start":{"line":29,"column":4},"end":{"line":33,"column":8}},{"start":{"line":35,"column":4},"end":{"line":39,"column":8}},{"start":{"line":40,"column":4},"end":{"line":50,"column":8}},{"start":{"line":51,"column":4},"end":{"line":57,"column":8}},{"start":{"line":59,"column":4},"end":{"line":63,"column":8}},{"start":{"line":64,"column":4},"end":{"line":72,"column":8}},{"start":{"line":73,"column":4},"end":{"line":79,"column":8}},{"start":{"line":81,"column":4},"end":{"line":85,"column":8}},{"start":{"line":86,"column":4},"end":{"line":92,"column":8}},{"start":{"line":93,"column":4},"end":{"line":98,"column":8}},{"start":{"line":100,"column":4},"end":{"line":104,"column":8}},{"start":{"line":105,"column":4},"end":{"line":111,"column":8}},{"start":{"line":112,"column":4},"end":{"line":117,"column":8}},{"start":{"line":119,"column":4},"end":{"line":120,"column":19}}],"line":21}},"s":{"0":1,"1":1,"2":3,"3":0,"4":0,"5":0,"6":0,"7":0,"8":0,"9":0,"10":0,"11":0,"12":0,"13":0,"14":0,"15":0,"16":0,"17":1,"18":0,"19":2},"f":{"0":3},"b":{"0":[1],"1":[0,0,0,0,0,0,0,0,0,0,0,0,1,0,2]},"_coverageSchema":"1a1c01bbd47fc00a2c39e90264f33305004495a9","hash":"ab663758972ccc0b1bd0b4778ef6784a47917da9"}
}
