TN:
SF:sum.js
FN:1,sum
FNF:1
FNH:1
FNDA:1,sum
DA:2,1
DA:4,1
LF:2
LH:2
BRF:0
BRH:0
end_of_record
TN:
SF:client/constants/actiontypes.js
FNF:0
FNH:0
DA:2,1
DA:3,1
DA:5,1
DA:6,1
DA:7,1
DA:8,1
DA:10,1
DA:11,1
DA:12,1
DA:13,1
DA:15,1
DA:16,1
DA:17,1
DA:18,1
DA:20,1
DA:21,1
DA:22,1
DA:23,1
LF:18
LH:18
BRF:0
BRH:0
end_of_record
TN:
SF:client/reducers/yetiReducer.js
FN:20,(anonymous_0)
FNF:1
FNH:1
FNDA:3,(anonymous_0)
DA:7,1
DA:20,1
DA:21,3
DA:24,0
DA:30,0
DA:36,0
DA:41,0
DA:42,0
DA:52,0
DA:53,0
DA:60,0
DA:65,0
DA:75,0
DA:82,0
DA:87,0
DA:94,0
DA:101,0
DA:106,1
DA:113,0
DA:120,2
LF:20
LH:5
BRDA:20,0,0,1
BRDA:21,1,0,0
BRDA:21,1,1,0
BRDA:21,1,2,0
BRDA:21,1,3,0
BRDA:21,1,4,0
BRDA:21,1,5,0
BRDA:21,1,6,0
BRDA:21,1,7,0
BRDA:21,1,8,0
BRDA:21,1,9,0
BRDA:21,1,10,0
BRDA:21,1,11,0
BRDA:21,1,12,1
BRDA:21,1,13,0
BRDA:21,1,14,2
BRF:16
BRH:3
end_of_record
